<?xml version="1.0" encoding="UTF-8"?>
<testng-results skipped="0" failed="0" ignored="0" total="1" passed="1">
  <reporter-output>
  </reporter-output>
  <suite name="Default suite" duration-ms="9583" started-at="2023-04-14T08:13:44 EDT" finished-at="2023-04-14T08:13:54 EDT">
    <groups>
    </groups>
    <test name="Default test" duration-ms="9583" started-at="2023-04-14T08:13:44 EDT" finished-at="2023-04-14T08:13:54 EDT">
      <class name="com.mobile.testcase.ContactsTest">
        <test-method status="PASS" signature="beforeMethod()[pri:0, instance:com.mobile.testcase.ContactsTest@2a70a3d8]" name="beforeMethod" is-config="true" duration-ms="8478" started-at="2023-04-14T08:13:44 EDT" finished-at="2023-04-14T08:13:53 EDT">
          <reporter-output>
          </reporter-output>
        </test-method> <!-- beforeMethod -->
        <test-method status="PASS" signature="MyContacts()[pri:0, instance:com.mobile.testcase.ContactsTest@2a70a3d8]" name="MyContacts" duration-ms="513" started-at="2023-04-14T08:13:53 EDT" finished-at="2023-04-14T08:13:53 EDT">
          <reporter-output>
          </reporter-output>
        </test-method> <!-- MyContacts -->
        <test-method status="PASS" signature="tearDown()[pri:0, instance:com.mobile.testcase.ContactsTest@2a70a3d8]" name="tearDown" is-config="true" duration-ms="565" started-at="2023-04-14T08:13:53 EDT" finished-at="2023-04-14T08:13:54 EDT">
          <reporter-output>
          </reporter-output>
        </test-method> <!-- tearDown -->
      </class> <!-- com.mobile.testcase.ContactsTest -->
    </test> <!-- Default test -->
  </suite> <!-- Default suite -->
</testng-results>
